[debug] [2021-08-02T02:59:13.402Z] ----------------------------------------------------------------------
[debug] [2021-08-02T02:59:13.406Z] Command:       C:\Program Files\nodejs\node.exe C:\Users\Soumadip das\AppData\Roaming\npm\node_modules\firebase-tools\lib\bin\firebase.js init
[debug] [2021-08-02T02:59:13.406Z] CLI Version:   9.16.0
[debug] [2021-08-02T02:59:13.407Z] Platform:      win32
[debug] [2021-08-02T02:59:13.407Z] Node Version:  v14.17.3
[debug] [2021-08-02T02:59:13.409Z] Time:          Mon Aug 02 2021 08:29:13 GMT+0530 (India Standard Time)
[debug] [2021-08-02T02:59:13.409Z] ----------------------------------------------------------------------
[debug] 
[debug] [2021-08-02T02:59:13.428Z] > command requires scopes: ["email","openid","https://www.googleapis.com/auth/cloudplatformprojects.readonly","https://www.googleapis.com/auth/firebase","https://www.googleapis.com/auth/cloud-platform"]
[debug] [2021-08-02T02:59:13.429Z] > authorizing via signed-in user (soumadipdas06@gmail.com)
[info] 
     ######## #### ########  ######## ########     ###     ######  ########
     ##        ##  ##     ## ##       ##     ##  ##   ##  ##       ##
     ######    ##  ########  ######   ########  #########  ######  ######
     ##        ##  ##    ##  ##       ##     ## ##     ##       ## ##
     ##       #### ##     ## ######## ########  ##     ##  ######  ########

You're about to initialize a Firebase project in this directory:

  C:\Users\Soumadip das\Documents\react projects\netflix-clone

[info] 
=== Project Setup
[info] 
[info] First, let's associate this project directory with a Firebase project.
[info] You can create multiple project aliases by running firebase use --add, 
[info] but for now we'll just set up a default project.
[info] 
[debug] [2021-08-02T02:59:41.238Z] >>> [apiv2][query] GET https://firebase.googleapis.com/v1beta1/projects pageSize=100
[debug] [2021-08-02T02:59:42.612Z] <<< [apiv2][status] GET https://firebase.googleapis.com/v1beta1/projects 200
[debug] [2021-08-02T02:59:42.612Z] <<< [apiv2][body] GET https://firebase.googleapis.com/v1beta1/projects [omitted]
[info] i  Using project netflix-clone-93b34 (netflix-clone) 
[info] 
=== Hosting Setup
[info] 
[info] Your public directory is the folder (relative to your project directory) that
[info] will contain Hosting assets to be uploaded with firebase deploy. If you
[info] have a build process for your assets, use your build's output directory.
[info] 
[debug] [2021-08-02T03:00:32.758Z] >>> [apiv2][query] GET https://www.gstatic.com/firebasejs/releases.json [none]
[debug] [2021-08-02T03:00:33.172Z] <<< [apiv2][status] GET https://www.gstatic.com/firebasejs/releases.json 200
[debug] [2021-08-02T03:00:33.173Z] <<< [apiv2][body] GET https://www.gstatic.com/firebasejs/releases.json {"current":{"version":"8.8.1","browserURL":"https://www.gstatic.com/firebasejs/8.8.1/firebase.js","packageURL":"https://www.gstatic.com/firebasejs/8.8.1/firebase.tgz"},"live":{"version":"8.8","browserURL":"https://www.gstatic.com/firebasejs/live/8.8/firebase.js","packageURL":"https://www.gstatic.com/firebasejs/live/8.8/firebase.tgz"},"components":{"analytics":"https://www.gstatic.com/firebasejs/8.8.1/firebase-analytics.js","app":"https://www.gstatic.com/firebasejs/8.8.1/firebase-app.js","app-check":"https://www.gstatic.com/firebasejs/8.8.1/firebase-app-check.js","auth":"https://www.gstatic.com/firebasejs/8.8.1/firebase-auth.js","database":"https://www.gstatic.com/firebasejs/8.8.1/firebase-database.js","firestore":"https://www.gstatic.com/firebasejs/8.8.1/firebase-firestore.js","functions":"https://www.gstatic.com/firebasejs/8.8.1/firebase-functions.js","installations":"https://www.gstatic.com/firebasejs/8.8.1/firebase-installations.js","messaging":"https://www.gstatic.com/firebasejs/8.8.1/firebase-messaging.js","storage":"https://www.gstatic.com/firebasejs/8.8.1/firebase-storage.js","performance":"https://www.gstatic.com/firebasejs/8.8.1/firebase-performance.js","remote-config":"https://www.gstatic.com/firebasejs/8.8.1/firebase-remote-config.js","firestore.memory":"https://www.gstatic.com/firebasejs/8.8.1/firebase-firestore.memory.js"}}
[info] +  Wrote build/index.html 
[info] 
[info] i  Detected a .git folder at C:\Users\Soumadip das\Documents\react projects\netflix-clone 
[info] i  Authorizing with GitHub to upload your service account to a GitHub repository's secrets store. 
[info] 
[info] Visit this URL on this device to log in:
[info] https://github.com/login/oauth/authorize?client_id=89cf50f02ac6aaed3484&state=721803428&redirect_uri=http%3A%2F%2Flocalhost%3A9005&scope=read%3Auser%20repo%20public_repo
[info] 
[info] Waiting for authentication...
[debug] [2021-08-02T03:00:56.611Z] >>> HTTP REQUEST POST https://github.com/login/oauth/access_token  
 {"client_id":"89cf50f02ac6aaed3484","client_secret":"3330d14abc895d9a74d5f17cd7a00711fa2c5bf0","code":"c78c5f3dddf4ee1702ff","redirect_uri":"http://localhost:9005","state":"721803428"}
[debug] [2021-08-02T03:00:57.198Z] <<< HTTP RESPONSE 200 {"server":"GitHub.com","date":"Mon, 02 Aug 2021 03:00:57 GMT","content-type":"application/json; charset=utf-8","transfer-encoding":"chunked","vary":"X-PJAX, Accept-Encoding, Accept, X-Requested-With","permissions-policy":"interest-cohort=()","etag":"W/\"2374b4176216c14aeb5929663eb5cab0\"","cache-control":"max-age=0, private, must-revalidate","strict-transport-security":"max-age=31536000; includeSubdomains; preload","x-frame-options":"deny","x-content-type-options":"nosniff","x-xss-protection":"0","referrer-policy":"origin-when-cross-origin, strict-origin-when-cross-origin","expect-ct":"max-age=2592000, report-uri=\"https://api.github.com/_private/browser/errors\"","content-security-policy":"default-src 'none'; base-uri 'self'; block-all-mixed-content; connect-src 'self' uploads.github.com www.githubstatus.com collector.githubapp.com api.github.com github-cloud.s3.amazonaws.com github-production-repository-file-5c1aeb.s3.amazonaws.com github-production-upload-manifest-file-7fdce7.s3.amazonaws.com github-production-user-asset-6210df.s3.amazonaws.com cdn.optimizely.com logx.optimizely.com/v1/events translator.github.com wss://alive.github.com; font-src github.githubassets.com; form-action 'self' github.com gist.github.com; frame-ancestors 'none'; frame-src render.githubusercontent.com render-temp.githubusercontent.com viewscreen.githubusercontent.com; img-src 'self' data: github.githubassets.com identicons.github.com collector.githubapp.com github-cloud.s3.amazonaws.com secured-user-images.githubusercontent.com/ *.githubusercontent.com; manifest-src 'self'; media-src 'none'; script-src github.githubassets.com; style-src 'unsafe-inline' github.githubassets.com; worker-src github.com/socket-worker-3f088aa2.js gist.github.com/socket-worker-3f088aa2.js","x-github-request-id":"EC3F:02E7:1558914:17B9685:61075FE8"}
[debug] [2021-08-02T03:00:57.214Z] >>> [apiv2][query] GET https://api.github.com/user [none]
[debug] [2021-08-02T03:00:58.061Z] <<< [apiv2][status] GET https://api.github.com/user 200
[debug] [2021-08-02T03:00:58.061Z] <<< [apiv2][body] GET https://api.github.com/user {"login":"Soumadipdas18","id":82037708,"node_id":"MDQ6VXNlcjgyMDM3NzA4","avatar_url":"https://avatars.githubusercontent.com/u/82037708?v=4","gravatar_id":"","url":"https://api.github.com/users/Soumadipdas18","html_url":"https://github.com/Soumadipdas18","followers_url":"https://api.github.com/users/Soumadipdas18/followers","following_url":"https://api.github.com/users/Soumadipdas18/following{/other_user}","gists_url":"https://api.github.com/users/Soumadipdas18/gists{/gist_id}","starred_url":"https://api.github.com/users/Soumadipdas18/starred{/owner}{/repo}","subscriptions_url":"https://api.github.com/users/Soumadipdas18/subscriptions","organizations_url":"https://api.github.com/users/Soumadipdas18/orgs","repos_url":"https://api.github.com/users/Soumadipdas18/repos","events_url":"https://api.github.com/users/Soumadipdas18/events{/privacy}","received_events_url":"https://api.github.com/users/Soumadipdas18/received_events","type":"User","site_admin":false,"name":"Soumadip Das","company":"IIT Guwahati","blog":"","location":"Shrirampur, West Bengal, India","email":"soumadipdas18@yahoo.com","hireable":null,"bio":"Student at IIT Guwahati","twitter_username":"Soumadi71453665","public_repos":26,"public_gists":0,"followers":10,"following":15,"created_at":"2021-04-06T12:58:01Z","updated_at":"2021-08-02T03:00:56Z","private_gists":0,"total_private_repos":0,"owned_private_repos":0,"disk_usage":46194,"collaborators":0,"two_factor_authentication":false,"plan":{"name":"pro","space":976562499,"collaborators":0,"private_repos":9999}}
[info] 
[info] +  Success! Logged into GitHub as Soumadipdas18 
[info] 
[debug] [2021-08-02T03:01:16.854Z] >>> [apiv2][query] GET https://api.github.com/repos//actions/secrets/public-key type=owner
[debug] [2021-08-02T03:01:17.114Z] >>> [apiv2][query] GET https://api.github.com/repos//actions/secrets/public-key type=owner
[debug] [2021-08-02T03:01:17.522Z] <<< [apiv2][status] GET https://api.github.com/repos//actions/secrets/public-key 404
[debug] [2021-08-02T03:01:17.523Z] <<< [apiv2][body] GET https://api.github.com/repos//actions/secrets/public-key {"message":"Not Found","documentation_url":"https://docs.github.com/rest"}
[debug] [2021-08-02T03:01:17.926Z] <<< [apiv2][status] GET https://api.github.com/repos//actions/secrets/public-key 404
[debug] [2021-08-02T03:01:17.926Z] <<< [apiv2][body] GET https://api.github.com/repos//actions/secrets/public-key {"message":"Not Found","documentation_url":"https://docs.github.com/rest"}
